  raytracing.cpp
d:\work\personal projects\ray tracing\raytracing\raytracing\vec3.h(54): warning C4244: 'initializing': conversion from 'double' to 'float', possible loss of data
d:\work\personal projects\ray tracing\raytracing\raytracing\vec3.h(132): warning C4244: 'initializing': conversion from 'double' to 'float', possible loss of data
d:\work\personal projects\ray tracing\raytracing\raytracing\hitablelist.h(21): warning C4244: 'argument': conversion from 'double' to 'float', possible loss of data
d:\work\personal projects\ray tracing\raytracing\raytracing\camera.h(11): warning C4244: 'argument': conversion from 'double' to 'float', possible loss of data
d:\work\personal projects\ray tracing\raytracing\raytracing\camera.h(20): warning C4244: 'initializing': conversion from 'double' to 'float', possible loss of data
d:\work\personal projects\ray tracing\raytracing\raytracing\material.h(21): warning C4244: 'argument': conversion from 'double' to 'float', possible loss of data
d:\work\personal projects\ray tracing\raytracing\raytracing\material.h(29): warning C4244: 'initializing': conversion from 'double' to 'float', possible loss of data
d:\work\personal projects\ray tracing\raytracing\raytracing\material.h(102): warning C4244: '=': conversion from 'double' to 'float', possible loss of data
d:\work\personal projects\ray tracing\raytracing\raytracing\raytracing.cpp(22): warning C4305: 'argument': truncation from 'double' to 'float'
d:\work\personal projects\ray tracing\raytracing\raytracing\raytracing.cpp(41): warning C4244: 'initializing': conversion from 'double' to 'float', possible loss of data
d:\work\personal projects\ray tracing\raytracing\raytracing\raytracing.cpp(45): warning C4244: 'argument': conversion from 'double' to 'float', possible loss of data
d:\work\personal projects\ray tracing\raytracing\raytracing\raytracing.cpp(45): warning C4305: 'argument': truncation from 'double' to 'float'
d:\work\personal projects\ray tracing\raytracing\raytracing\raytracing.cpp(59): warning C4244: 'initializing': conversion from 'double' to 'float', possible loss of data
d:\work\personal projects\ray tracing\raytracing\raytracing\raytracing.cpp(60): warning C4244: 'argument': conversion from 'double' to 'float', possible loss of data
d:\work\personal projects\ray tracing\raytracing\raytracing\raytracing.cpp(62): warning C4305: 'argument': truncation from 'double' to 'float'
d:\work\personal projects\ray tracing\raytracing\raytracing\raytracing.cpp(64): warning C4244: 'argument': conversion from 'double' to 'float', possible loss of data
d:\work\personal projects\ray tracing\raytracing\raytracing\raytracing.cpp(68): warning C4244: 'argument': conversion from 'double' to 'float', possible loss of data
d:\work\personal projects\ray tracing\raytracing\raytracing\raytracing.cpp(67): warning C4244: 'argument': conversion from 'double' to 'float', possible loss of data
d:\work\personal projects\ray tracing\raytracing\raytracing\raytracing.cpp(71): warning C4244: 'argument': conversion from 'double' to 'float', possible loss of data
d:\work\personal projects\ray tracing\raytracing\raytracing\raytracing.cpp(78): warning C4305: 'argument': truncation from 'double' to 'float'
d:\work\personal projects\ray tracing\raytracing\raytracing\raytracing.cpp(80): warning C4305: 'argument': truncation from 'double' to 'float'
  raytracing.vcxproj -> D:\work\Personal Projects\Ray Tracing\raytracing\Debug\raytracing.exe
